<?xml version="1.0" encoding="UTF-8"?>
<testsuite xmlns:xsi="http://www.w3.org/2001/XMLSchema-instance" xsi:noNamespaceSchemaLocation="https://maven.apache.org/surefire/maven-surefire-plugin/xsd/surefire-test-report.xsd" name="examples.ExamplesTest" time="3.46" tests="1" errors="0" skipped="0" failures="1">
  <properties>
[...]
</properties>
  <testcase name="testParallel" classname="examples.ExamplesTest" time="3.457">
    <failure message="status code was: 400, expected: 200, response time in milliseconds: 3, url: http://127.0.0.1:8900/booking, response: &#10;Bad request: date and id empty&#10;classpath:examples/bookings/unclearbooking.feature:26&#10;status code was: 200, expected: 500, response time in milliseconds: 5, url: http://127.0.0.1:8900/booking?date=2021-09-19xyz&amp;id=pepe%40pepe.pe1-0.1, response: &#10;[]&#10;classpath:examples/bookings/unclearbooking.feature:56&#10;status code was: 201, expected: 400, response time in milliseconds: 7, url: http://127.0.0.1:8900/booking, response: &#10;{&quot;idBooking&quot;:&quot;MAD-ARN-0.3294213420245088&quot;,&quot;idUser&quot;:&quot;IncorrectDateTestEmail@email.com-0.9501626214807845&quot;,&quot;origin&quot;:&quot;MAD&quot;,&quot;destination&quot;:&quot;ARN&quot;,&quot;date&quot;:&quot;2020-02-03 XXX&quot;}&#10;classpath:examples/bookings/unclearbooking.feature:87 ==&gt; expected: &lt;0&gt; but was: &lt;3&gt;" type="org.opentest4j.AssertionFailedError"><![CDATA[org.opentest4j.AssertionFailedError: 
status code was: 400, expected: 200, response time in milliseconds: 3, url: http://127.0.0.1:8900/booking, response: 
Bad request: date and id empty
classpath:examples/bookings/unclearbooking.feature:26
status code was: 200, expected: 500, response time in milliseconds: 5, url: http://127.0.0.1:8900/booking?date=2021-09-19xyz&id=pepe%40pepe.pe1-0.1, response: 
[]
classpath:examples/bookings/unclearbooking.feature:56
status code was: 201, expected: 400, response time in milliseconds: 7, url: http://127.0.0.1:8900/booking, response: 
{"idBooking":"MAD-ARN-0.3294213420245088","idUser":"IncorrectDateTestEmail@email.com-0.9501626214807845","origin":"MAD","destination":"ARN","date":"2020-02-03 XXX"}
classpath:examples/bookings/unclearbooking.feature:87 ==> expected: <0> but was: <3>
	at examples.ExamplesTest.testParallel(ExamplesTest.java:23)
]]></failure>
    <system-out><![CDATA[00:06:50.853 [main] DEBUG com.intuit.karate.Suite - [config] classpath:karate-config.js
00:06:50.861 [main] DEBUG com.intuit.karate.Suite - waiting for 3 features to complete
00:06:51.501 [pool-1-thread-4] INFO  com.intuit.karate - karate.env system property was: null 
00:06:51.501 [pool-1-thread-5] INFO  com.intuit.karate - karate.env system property was: null 
00:06:51.501 [pool-1-thread-1] INFO  com.intuit.karate - karate.env system property was: null 
00:06:51.501 [pool-1-thread-3] INFO  com.intuit.karate - karate.env system property was: null 
00:06:51.501 [pool-1-thread-2] INFO  com.intuit.karate - karate.env system property was: null 
00:06:51.982 [pool-1-thread-5] DEBUG com.intuit.karate - request:
1 > GET http://127.0.0.1:8900/booking?date=2021-09-22&id=pepe%40pepe.pe1-0.1
1 > Host: 127.0.0.1:8900
1 > Connection: Keep-Alive
1 > User-Agent: Apache-HttpClient/4.5.13 (Java/1.8.0_301)
1 > Accept-Encoding: gzip,deflate


00:06:51.982 [pool-1-thread-3] DEBUG com.intuit.karate - request:
1 > GET http://127.0.0.1:8900/booking?id=pepe%40pepe.pe1-0.1
1 > Host: 127.0.0.1:8900
1 > Connection: Keep-Alive
1 > User-Agent: Apache-HttpClient/4.5.13 (Java/1.8.0_301)
1 > Accept-Encoding: gzip,deflate


00:06:51.982 [pool-1-thread-4] DEBUG com.intuit.karate - request:
1 > GET http://127.0.0.1:8900/booking?date=2021-09-22
1 > Host: 127.0.0.1:8900
1 > Connection: Keep-Alive
1 > User-Agent: Apache-HttpClient/4.5.13 (Java/1.8.0_301)
1 > Accept-Encoding: gzip,deflate


00:06:51.982 [pool-1-thread-2] DEBUG com.intuit.karate - request:
1 > POST http://127.0.0.1:8900/user
1 > Content-Type: application/json; charset=UTF-8
1 > Content-Length: 53
1 > Host: 127.0.0.1:8900
1 > Connection: Keep-Alive
1 > User-Agent: Apache-HttpClient/4.5.13 (Java/1.8.0_301)
1 > Accept-Encoding: gzip,deflate
{"email":"guy449@email.com","name":"Chris Lemke PhD"}

00:06:51.982 [pool-1-thread-1] DEBUG com.intuit.karate - request:
1 > POST http://127.0.0.1:8900/booking
1 > Content-Type: application/json; charset=UTF-8
1 > Content-Length: 81
1 > Host: 127.0.0.1:8900
1 > Connection: Keep-Alive
1 > User-Agent: Apache-HttpClient/4.5.13 (Java/1.8.0_301)
1 > Accept-Encoding: gzip,deflate
{"date":"2021-09-22","destination":"EUV","id":"pepe@pepe.pe1-0.1","origin":"KQD"}

00:06:52.016 [pool-1-thread-2] DEBUG com.intuit.karate - response time in milliseconds: 33
1 < 201
1 < Content-Type: application/json;charset=UTF-8
1 < Transfer-Encoding: chunked
1 < Date: Tue, 21 Sep 2021 22:06:52 GMT
{"email":"guy449@email.com","name":"Chris Lemke PhD","id":"guy449@email.com-0.7247712191432245","bookings":[]}
00:06:52.016 [pool-1-thread-1] DEBUG com.intuit.karate - response time in milliseconds: 33
1 < 201
1 < Content-Type: application/json;charset=UTF-8
1 < Transfer-Encoding: chunked
1 < Date: Tue, 21 Sep 2021 22:06:52 GMT
{"idBooking":"KQD-EUV-0.8488945011404617","idUser":"pepe@pepe.pe1-0.1","origin":"KQD","destination":"EUV","date":"2021-09-22"}
00:06:52.016 [pool-1-thread-3] DEBUG com.intuit.karate - response time in milliseconds: 33
1 < 200
1 < Content-Type: application/json;charset=UTF-8
1 < Transfer-Encoding: chunked
1 < Date: Tue, 21 Sep 2021 22:06:52 GMT
[{"idBooking":"ISE-YQM-0.2723601674221372","idUser":"pepe@pepe.pe1-0.1","origin":"ISE","destination":"YQM","date":"2021-09-21"},{"idBooking":"LMA-OTJ-0.9894632923235571","idUser":"pepe@pepe.pe1-0.1","origin":"LMA","destination":"OTJ","date":"2021-09-21"},{"idBooking":"CAC-YHP-0.6509458542108919","idUser":"pepe@pepe.pe1-0.1","origin":"CAC","destination":"YHP","date":"2021-09-22"}]
00:06:52.016 [pool-1-thread-4] DEBUG com.intuit.karate - response time in milliseconds: 33
1 < 200
1 < Content-Type: application/json;charset=UTF-8
1 < Transfer-Encoding: chunked
1 < Date: Tue, 21 Sep 2021 22:06:52 GMT
[{"idBooking":"CAC-YHP-0.6509458542108919","idUser":"pepe@pepe.pe1-0.1","origin":"CAC","destination":"YHP","date":"2021-09-22"},{"idBooking":"KHF-RJB-0.02857701766733378","idUser":"rickie365@email.com-0.49065220791007613","origin":"KHF","destination":"RJB","date":"2021-09-22"}]
00:06:52.016 [pool-1-thread-5] DEBUG com.intuit.karate - response time in milliseconds: 33
1 < 200
1 < Content-Type: application/json;charset=UTF-8
1 < Transfer-Encoding: chunked
1 < Date: Tue, 21 Sep 2021 22:06:52 GMT
[{"idBooking":"CAC-YHP-0.6509458542108919","idUser":"pepe@pepe.pe1-0.1","origin":"CAC","destination":"YHP","date":"2021-09-22"}]
00:06:52.023 [pool-1-thread-2] DEBUG com.intuit.karate - request:
2 > POST http://127.0.0.1:8900/booking
2 > Content-Type: application/json; charset=UTF-8
2 > Content-Length: 99
2 > Host: 127.0.0.1:8900
2 > Connection: Keep-Alive
2 > User-Agent: Apache-HttpClient/4.5.13 (Java/1.8.0_301)
2 > Accept-Encoding: gzip,deflate
{"date":"2021-09-22","destination":"IPR","id":"guy449@email.com-0.7247712191432245","origin":"FLC"}

00:06:52.028 [pool-1-thread-2] DEBUG com.intuit.karate - response time in milliseconds: 4
2 < 201
2 < Content-Type: application/json;charset=UTF-8
2 < Transfer-Encoding: chunked
2 < Date: Tue, 21 Sep 2021 22:06:52 GMT
{"idBooking":"FLC-IPR-0.8546619467702057","idUser":"guy449@email.com-0.7247712191432245","origin":"FLC","destination":"IPR","date":"2021-09-22"}
00:06:52.040 [pool-1-thread-2] DEBUG com.intuit.karate - request:
3 > GET http://127.0.0.1:8900/booking?date=2021-09-22&id=guy449%40email.com-0.7247712191432245
3 > Host: 127.0.0.1:8900
3 > Connection: Keep-Alive
3 > User-Agent: Apache-HttpClient/4.5.13 (Java/1.8.0_301)
3 > Accept-Encoding: gzip,deflate


00:06:52.042 [pool-1-thread-1] DEBUG com.intuit.karate - request:
2 > GET http://127.0.0.1:8900/booking?date=2021-09-22&id=pepe%40pepe.pe1-0.1
2 > Host: 127.0.0.1:8900
2 > Connection: Keep-Alive
2 > User-Agent: Apache-HttpClient/4.5.13 (Java/1.8.0_301)
2 > Accept-Encoding: gzip,deflate


00:06:52.046 [pool-1-thread-2] DEBUG com.intuit.karate - response time in milliseconds: 5
3 < 200
3 < Content-Type: application/json;charset=UTF-8
3 < Transfer-Encoding: chunked
3 < Date: Tue, 21 Sep 2021 22:06:52 GMT
[{"idBooking":"FLC-IPR-0.8546619467702057","idUser":"guy449@email.com-0.7247712191432245","origin":"FLC","destination":"IPR","date":"2021-09-22"}]
00:06:52.048 [pool-1-thread-4] INFO  com.intuit.karate - karate.env system property was: null 
00:06:52.048 [pool-1-thread-3] INFO  com.intuit.karate - karate.env system property was: null 
00:06:52.048 [pool-1-thread-5] INFO  com.intuit.karate - karate.env system property was: null 
00:06:52.051 [pool-1-thread-1] DEBUG com.intuit.karate - response time in milliseconds: 9
2 < 200
2 < Content-Type: application/json;charset=UTF-8
2 < Transfer-Encoding: chunked
2 < Date: Tue, 21 Sep 2021 22:06:52 GMT
[{"idBooking":"CAC-YHP-0.6509458542108919","idUser":"pepe@pepe.pe1-0.1","origin":"CAC","destination":"YHP","date":"2021-09-22"},{"idBooking":"KQD-EUV-0.8488945011404617","idUser":"pepe@pepe.pe1-0.1","origin":"KQD","destination":"EUV","date":"2021-09-22"}]
00:06:52.059 [pool-1-thread-2] INFO  com.intuit.karate - karate.env system property was: null 
00:06:52.059 [pool-1-thread-4] DEBUG com.intuit.karate - request:
1 > GET http://127.0.0.1:8900/booking?date=ABCD-09-19&id=pepe%40pepe.pe1-0.1
1 > Host: 127.0.0.1:8900
1 > Connection: Keep-Alive
1 > User-Agent: Apache-HttpClient/4.5.13 (Java/1.8.0_301)
1 > Accept-Encoding: gzip,deflate


00:06:52.061 [pool-1-thread-3] DEBUG com.intuit.karate - request:
1 > GET http://127.0.0.1:8900/booking?date=2021-0ABC9-19&id=pepe%40pepe.pe1-0.1
1 > Host: 127.0.0.1:8900
1 > Connection: Keep-Alive
1 > User-Agent: Apache-HttpClient/4.5.13 (Java/1.8.0_301)
1 > Accept-Encoding: gzip,deflate


00:06:52.063 [pool-1-thread-5] DEBUG com.intuit.karate - request:
1 > GET http://127.0.0.1:8900/booking
1 > Host: 127.0.0.1:8900
1 > Connection: Keep-Alive
1 > User-Agent: Apache-HttpClient/4.5.13 (Java/1.8.0_301)
1 > Accept-Encoding: gzip,deflate


00:06:52.070 [pool-1-thread-1] INFO  com.intuit.karate - karate.env system property was: null 
00:06:52.071 [pool-1-thread-2] DEBUG com.intuit.karate - request:
1 > GET http://127.0.0.1:8900/booking?date=2021-09-xyz19&id=pepe%40pepe.pe1-0.1
1 > Host: 127.0.0.1:8900
1 > Connection: Keep-Alive
1 > User-Agent: Apache-HttpClient/4.5.13 (Java/1.8.0_301)
1 > Accept-Encoding: gzip,deflate


00:06:52.074 [pool-1-thread-5] DEBUG com.intuit.karate - response time in milliseconds: 9
1 < 400
1 < Content-Type: text/plain;charset=UTF-8
1 < Content-Length: 30
1 < Date: Tue, 21 Sep 2021 22:06:52 GMT
1 < Connection: close
Bad request: date and id empty
00:06:52.080 [pool-1-thread-5] INFO  com.intuit.karate - karate.env system property was: null 
00:06:52.082 [pool-1-thread-1] DEBUG com.intuit.karate - request:
1 > GET http://127.0.0.1:8900/booking?date=2021-09-31&id=pepe%40pepe.pe1-0.1
1 > Host: 127.0.0.1:8900
1 > Connection: Keep-Alive
1 > User-Agent: Apache-HttpClient/4.5.13 (Java/1.8.0_301)
1 > Accept-Encoding: gzip,deflate


00:06:52.086 [pool-1-thread-5] DEBUG com.intuit.karate - request:
1 > GET http://127.0.0.1:8900/booking?date=2021-13-15&id=pepe%40pepe.pe1-0.1
1 > Host: 127.0.0.1:8900
1 > Connection: Keep-Alive
1 > User-Agent: Apache-HttpClient/4.5.13 (Java/1.8.0_301)
1 > Accept-Encoding: gzip,deflate


00:06:52.098 [pool-1-thread-3] DEBUG com.intuit.karate - response time in milliseconds: 37
1 < 500
1 < Content-Type: application/json;charset=UTF-8
1 < Transfer-Encoding: chunked
1 < Date: Tue, 21 Sep 2021 22:06:52 GMT
1 < Connection: close
{"timestamp":"2021-09-21T22:06:52.097+0000","status":500,"error":"Internal Server Error","message":"Format date not valid","path":"/booking"}
00:06:52.102 [pool-1-thread-5] DEBUG com.intuit.karate - response time in milliseconds: 16
1 < 500
1 < Content-Type: application/json;charset=UTF-8
1 < Transfer-Encoding: chunked
1 < Date: Tue, 21 Sep 2021 22:06:52 GMT
1 < Connection: close
{"timestamp":"2021-09-21T22:06:52.100+0000","status":500,"error":"Internal Server Error","message":"Format date not valid","path":"/booking"}
00:06:52.104 [pool-1-thread-3] INFO  com.intuit.karate - karate.env system property was: null 
00:06:52.107 [pool-1-thread-5] INFO  com.intuit.karate - karate.env system property was: null 
00:06:52.110 [pool-1-thread-3] DEBUG com.intuit.karate - request:
1 > GET http://127.0.0.1:8900/booking?date=2021-09-19xyz&id=pepe%40pepe.pe1-0.1
1 > Host: 127.0.0.1:8900
1 > Connection: Keep-Alive
1 > User-Agent: Apache-HttpClient/4.5.13 (Java/1.8.0_301)
1 > Accept-Encoding: gzip,deflate


00:06:52.112 [pool-1-thread-1] DEBUG com.intuit.karate - response time in milliseconds: 30
1 < 500
1 < Content-Type: application/json;charset=UTF-8
1 < Transfer-Encoding: chunked
1 < Date: Tue, 21 Sep 2021 22:06:52 GMT
1 < Connection: close
{"timestamp":"2021-09-21T22:06:52.111+0000","status":500,"error":"Internal Server Error","message":"Format date not valid","path":"/booking"}
00:06:52.114 [pool-1-thread-5] DEBUG com.intuit.karate - request:
1 > POST http://127.0.0.1:8900/booking
1 > Content-Type: application/json; charset=UTF-8
1 > Content-Length: 66
1 > Host: 127.0.0.1:8900
1 > Connection: Keep-Alive
1 > User-Agent: Apache-HttpClient/4.5.13 (Java/1.8.0_301)
1 > Accept-Encoding: gzip,deflate
{"date":"2021-09-22","destination":"ARN","id":null,"origin":"MAD"}

00:06:52.115 [pool-1-thread-3] DEBUG com.intuit.karate - response time in milliseconds: 5
1 < 200
1 < Content-Type: application/json;charset=UTF-8
1 < Transfer-Encoding: chunked
1 < Date: Tue, 21 Sep 2021 22:06:52 GMT
[]
00:06:52.117 [pool-1-thread-1] INFO  com.intuit.karate - karate.env system property was: null 
00:06:52.121 [pool-1-thread-5] DEBUG com.intuit.karate - response time in milliseconds: 7
1 < 400
1 < Content-Type: text/plain;charset=UTF-8
1 < Content-Length: 23
1 < Date: Tue, 21 Sep 2021 22:06:52 GMT
1 < Connection: close
User id should be valid
00:06:52.124 [pool-1-thread-3] INFO  com.intuit.karate - karate.env system property was: null 
00:06:52.127 [pool-1-thread-1] DEBUG com.intuit.karate - request:
1 > POST http://127.0.0.1:8900/booking
1 > Content-Type: application/json; charset=UTF-8
1 > Content-Length: 73
1 > Host: 127.0.0.1:8900
1 > Connection: Keep-Alive
1 > User-Agent: Apache-HttpClient/4.5.13 (Java/1.8.0_301)
1 > Accept-Encoding: gzip,deflate
{"date":null,"destination":"ARN","id":"pepe@pepe.pe1-0.1","origin":"MAD"}

00:06:52.128 [pool-1-thread-5] INFO  com.intuit.karate - karate.env system property was: null 
00:06:52.130 [pool-1-thread-3] DEBUG com.intuit.karate - request:
1 > POST http://127.0.0.1:8900/booking
1 > Content-Type: application/json; charset=UTF-8
1 > Content-Length: 58
1 > Host: 127.0.0.1:8900
1 > Connection: Keep-Alive
1 > User-Agent: Apache-HttpClient/4.5.13 (Java/1.8.0_301)
1 > Accept-Encoding: gzip,deflate
{"date":null,"destination":"ARN","id":null,"origin":"MAD"}

00:06:52.136 [pool-1-thread-5] DEBUG com.intuit.karate - request:
1 > POST http://127.0.0.1:8900/booking
1 > Content-Type: application/json; charset=UTF-8
1 > Content-Length: 84
1 > Host: 127.0.0.1:8900
1 > Connection: Keep-Alive
1 > User-Agent: Apache-HttpClient/4.5.13 (Java/1.8.0_301)
1 > Accept-Encoding: gzip,deflate
{"date":"20ABC20-04-08","destination":"ARN","id":"pepe@pepe.pe1-0.1","origin":"MAD"}

00:06:52.137 [pool-1-thread-1] DEBUG com.intuit.karate - response time in milliseconds: 10
1 < 400
1 < Content-Type: text/plain;charset=UTF-8
1 < Content-Length: 21
1 < Date: Tue, 21 Sep 2021 22:06:52 GMT
1 < Connection: close
Date format not valid
00:06:52.137 [pool-1-thread-3] DEBUG com.intuit.karate - response time in milliseconds: 7
1 < 400
1 < Content-Type: text/plain;charset=UTF-8
1 < Content-Length: 21
1 < Date: Tue, 21 Sep 2021 22:06:52 GMT
1 < Connection: close
Date format not valid
00:06:52.143 [pool-1-thread-3] INFO  com.intuit.karate - karate.env system property was: null 
00:06:52.143 [pool-1-thread-1] INFO  com.intuit.karate - karate.env system property was: null 
00:06:52.148 [pool-1-thread-1] DEBUG com.intuit.karate - request:
1 > POST http://127.0.0.1:8900/booking
1 > Content-Type: application/json; charset=UTF-8
1 > Content-Length: 80
1 > Host: 127.0.0.1:8900
1 > Connection: Keep-Alive
1 > User-Agent: Apache-HttpClient/4.5.13 (Java/1.8.0_301)
1 > Accept-Encoding: gzip,deflate
{"date":"2021-09-22","destination":null,"id":"pepe@pepe.pe1-0.1","origin":"MAD"}

00:06:52.148 [pool-1-thread-3] DEBUG com.intuit.karate - request:
1 > POST http://127.0.0.1:8900/booking
1 > Content-Type: application/json; charset=UTF-8
1 > Content-Length: 80
1 > Host: 127.0.0.1:8900
1 > Connection: Keep-Alive
1 > User-Agent: Apache-HttpClient/4.5.13 (Java/1.8.0_301)
1 > Accept-Encoding: gzip,deflate
{"date":"2021-09-22","destination":"ARN","id":"pepe@pepe.pe1-0.1","origin":null}

00:06:52.153 [pool-1-thread-2] DEBUG com.intuit.karate - response time in milliseconds: 82
1 < 500
1 < Content-Type: application/json;charset=UTF-8
1 < Transfer-Encoding: chunked
1 < Date: Tue, 21 Sep 2021 22:06:52 GMT
1 < Connection: close
{"timestamp":"2021-09-21T22:06:52.152+0000","status":500,"error":"Internal Server Error","message":"Format date not valid","path":"/booking"}
00:06:52.157 [pool-1-thread-3] DEBUG com.intuit.karate - response time in milliseconds: 9
1 < 500
1 < Content-Type: application/json;charset=UTF-8
1 < Transfer-Encoding: chunked
1 < Date: Tue, 21 Sep 2021 22:06:52 GMT
1 < Connection: close
{"timestamp":"2021-09-21T22:06:52.156+0000","status":500,"error":"Internal Server Error","message":"No message available","path":"/booking"}
00:06:52.157 [pool-1-thread-2] INFO  com.intuit.karate - karate.env system property was: null 
00:06:52.158 [pool-1-thread-1] DEBUG com.intuit.karate - response time in milliseconds: 10
1 < 500
1 < Content-Type: application/json;charset=UTF-8
1 < Transfer-Encoding: chunked
1 < Date: Tue, 21 Sep 2021 22:06:52 GMT
1 < Connection: close
{"timestamp":"2021-09-21T22:06:52.157+0000","status":500,"error":"Internal Server Error","message":"No message available","path":"/booking"}
00:06:52.161 [pool-1-thread-3] INFO  com.intuit.karate - karate.env system property was: null 
00:06:52.161 [pool-1-thread-1] INFO  com.intuit.karate - karate.env system property was: null 
00:06:52.162 [pool-1-thread-2] DEBUG com.intuit.karate - request:
1 > POST http://127.0.0.1:8900/booking
1 > Content-Type: application/json; charset=UTF-8
1 > Content-Length: 73
1 > Host: 127.0.0.1:8900
1 > Connection: Keep-Alive
1 > User-Agent: Apache-HttpClient/4.5.13 (Java/1.8.0_301)
1 > Accept-Encoding: gzip,deflate
{"date":"2021-09-22","destination":"ARN","id":"XYZXYZXYZ","origin":"MAD"}

00:06:52.165 [pool-1-thread-3] DEBUG com.intuit.karate - request:
1 > POST http://127.0.0.1:8900/booking
1 > Content-Type: application/json; charset=UTF-8
1 > Content-Length: 82
1 > Host: 127.0.0.1:8900
1 > Connection: Keep-Alive
1 > User-Agent: Apache-HttpClient/4.5.13 (Java/1.8.0_301)
1 > Accept-Encoding: gzip,deflate
{"date":"2021-09-22","destination":"ABBA","id":"pepe@pepe.pe1-0.1","origin":"MAD"}

00:06:52.166 [pool-1-thread-1] DEBUG com.intuit.karate - request:
1 > POST http://127.0.0.1:8900/booking
1 > Content-Type: application/json; charset=UTF-8
1 > Content-Length: 84
1 > Host: 127.0.0.1:8900
1 > Connection: Keep-Alive
1 > User-Agent: Apache-HttpClient/4.5.13 (Java/1.8.0_301)
1 > Accept-Encoding: gzip,deflate
{"date":"2021-09-22","destination":"ARN","id":"pepe@pepe.pe1-0.1","origin":"MADRID"}

00:06:52.169 [pool-1-thread-3] DEBUG com.intuit.karate - response time in milliseconds: 2
1 < 409
1 < Content-Type: text/plain;charset=UTF-8
1 < Content-Length: 66
1 < Date: Tue, 21 Sep 2021 22:06:52 GMT
Origin or Destination is not a IATA code (Three Uppercase Letters)
00:06:52.169 [pool-1-thread-1] DEBUG com.intuit.karate - response time in milliseconds: 2
1 < 409
1 < Content-Type: text/plain;charset=UTF-8
1 < Content-Length: 66
1 < Date: Tue, 21 Sep 2021 22:06:52 GMT
Origin or Destination is not a IATA code (Three Uppercase Letters)
00:06:52.174 [pool-1-thread-3] INFO  com.intuit.karate - karate.env system property was: null 
00:06:52.174 [pool-1-thread-1] INFO  com.intuit.karate - karate.env system property was: null 
00:06:52.177 [pool-1-thread-3] DEBUG com.intuit.karate - request:
1 > GET http://127.0.0.1:8900/booking?date=2021-09-19xyz&id=pepe%40pepe.pe1-0.1
1 > Host: 127.0.0.1:8900
1 > Connection: Keep-Alive
1 > User-Agent: Apache-HttpClient/4.5.13 (Java/1.8.0_301)
1 > Accept-Encoding: gzip,deflate


00:06:52.177 [pool-1-thread-1] DEBUG com.intuit.karate - request:
1 > GET http://127.0.0.1:8900/booking
1 > Host: 127.0.0.1:8900
1 > Connection: Keep-Alive
1 > User-Agent: Apache-HttpClient/4.5.13 (Java/1.8.0_301)
1 > Accept-Encoding: gzip,deflate


00:06:52.180 [pool-1-thread-1] DEBUG com.intuit.karate - response time in milliseconds: 3
1 < 400
1 < Content-Type: text/plain;charset=UTF-8
1 < Content-Length: 30
1 < Date: Tue, 21 Sep 2021 22:06:52 GMT
1 < Connection: close
Bad request: date and id empty
00:06:52.181 [pool-1-thread-1] ERROR com.intuit.karate - classpath:examples/bookings/unclearbooking.feature:26
Then status 200
status code was: 400, expected: 200, response time in milliseconds: 3, url: http://127.0.0.1:8900/booking, response: 
Bad request: date and id empty
classpath:examples/bookings/unclearbooking.feature:26
00:06:52.182 [pool-1-thread-3] DEBUG com.intuit.karate - response time in milliseconds: 5
1 < 200
1 < Content-Type: application/json;charset=UTF-8
1 < Transfer-Encoding: chunked
1 < Date: Tue, 21 Sep 2021 22:06:52 GMT
[]
00:06:52.182 [pool-1-thread-2] DEBUG com.intuit.karate - response time in milliseconds: 20
1 < 500
1 < Content-Type: application/json;charset=UTF-8
1 < Transfer-Encoding: chunked
1 < Date: Tue, 21 Sep 2021 22:06:52 GMT
1 < Connection: close
{"timestamp":"2021-09-21T22:06:52.181+0000","status":500,"error":"Internal Server Error","message":"could not execute statement; SQL [n/a]; constraint [\"FKTDE8EDPC976R2GJVN4RY5V9M7: PUBLIC.BOOKING FOREIGN KEY(ID_USER) REFERENCES PUBLIC.USER(ID) ('XYZXYZXYZ')\"; SQL statement:\ninsert into booking (date, destination, id_user, origin, id_booking) values (?, ?, ?, ?, ?) [23506-196]]; nested exception is org.hibernate.exception.ConstraintViolationException: could not execute statement","path":"/booking"}
00:06:52.183 [pool-1-thread-3] ERROR com.intuit.karate - classpath:examples/bookings/unclearbooking.feature:56
Then status 500
status code was: 200, expected: 500, response time in milliseconds: 5, url: http://127.0.0.1:8900/booking?date=2021-09-19xyz&id=pepe%40pepe.pe1-0.1, response: 
[]
classpath:examples/bookings/unclearbooking.feature:56
00:06:52.185 [pool-1-thread-1] INFO  com.intuit.karate - karate.env system property was: null 
00:06:52.187 [pool-1-thread-3] INFO  com.intuit.karate - karate.env system property was: null 
00:06:52.187 [pool-1-thread-4] DEBUG com.intuit.karate - response time in milliseconds: 125
1 < 500
1 < Content-Type: application/json;charset=UTF-8
1 < Transfer-Encoding: chunked
1 < Date: Tue, 21 Sep 2021 22:06:52 GMT
1 < Connection: close
{"timestamp":"2021-09-21T22:06:52.185+0000","status":500,"error":"Internal Server Error","message":"Format date not valid","path":"/booking"}
00:06:52.187 [pool-1-thread-2] INFO  com.intuit.karate - karate.env system property was: null 
00:06:52.191 [pool-1-thread-3] DEBUG com.intuit.karate - request:
1 > GET http://127.0.0.1:8900/user?id=pepe%40pepe.pe1-0.1
1 > Host: 127.0.0.1:8900
1 > Connection: Keep-Alive
1 > User-Agent: Apache-HttpClient/4.5.13 (Java/1.8.0_301)
1 > Accept-Encoding: gzip,deflate


00:06:52.191 [pool-1-thread-2] DEBUG com.intuit.karate - request:
1 > GET http://127.0.0.1:8900/user/all
1 > Host: 127.0.0.1:8900
1 > Connection: Keep-Alive
1 > User-Agent: Apache-HttpClient/4.5.13 (Java/1.8.0_301)
1 > Accept-Encoding: gzip,deflate


00:06:52.192 [pool-1-thread-4] INFO  com.intuit.karate - karate.env system property was: null 
00:06:52.198 [pool-1-thread-3] DEBUG com.intuit.karate - response time in milliseconds: 7
1 < 200
1 < Content-Type: application/json;charset=UTF-8
1 < Transfer-Encoding: chunked
1 < Date: Tue, 21 Sep 2021 22:06:52 GMT
{"email":"pepe@pepe.pe1","name":"pepe","id":"pepe@pepe.pe1-0.1","bookings":[{"idBooking":"LMA-OTJ-0.9894632923235571","idUser":"pepe@pepe.pe1-0.1","origin":"LMA","destination":"OTJ","date":"2021-09-21"},{"idBooking":"ISE-YQM-0.2723601674221372","idUser":"pepe@pepe.pe1-0.1","origin":"ISE","destination":"YQM","date":"2021-09-21"},{"idBooking":"CAC-YHP-0.6509458542108919","idUser":"pepe@pepe.pe1-0.1","origin":"CAC","destination":"YHP","date":"2021-09-22"},{"idBooking":"KQD-EUV-0.8488945011404617","idUser":"pepe@pepe.pe1-0.1","origin":"KQD","destination":"EUV","date":"2021-09-22"}]}
00:06:52.205 [pool-1-thread-3] INFO  com.intuit.karate - karate.env system property was: null 
00:06:52.210 [pool-1-thread-2] DEBUG com.intuit.karate - response time in milliseconds: 19
1 < 200
1 < Content-Type: application/json;charset=UTF-8
1 < Transfer-Encoding: chunked
1 < Date: Tue, 21 Sep 2021 22:06:52 GMT
[{"email":"pepe@pepe.pe1","name":"pepe","id":"pepe@pepe.pe1-0.1","bookings":[{"idBooking":"ISE-YQM-0.2723601674221372","idUser":"pepe@pepe.pe1-0.1","origin":"ISE","destination":"YQM","date":"2021-09-21"},{"idBooking":"LMA-OTJ-0.9894632923235571","idUser":"pepe@pepe.pe1-0.1","origin":"LMA","destination":"OTJ","date":"2021-09-21"},{"idBooking":"KQD-EUV-0.8488945011404617","idUser":"pepe@pepe.pe1-0.1","origin":"KQD","destination":"EUV","date":"2021-09-22"},{"idBooking":"CAC-YHP-0.6509458542108919","idUser":"pepe@pepe.pe1-0.1","origin":"CAC","destination":"YHP","date":"2021-09-22"}]},{"email":"pepe@pepe.pe2","name":"pepe","id":"pepe@pepe.pe1-0.2","bookings":[]},{"email":"ismael507@email.com","name":"Angle Abbott","id":"ismael507@email.com-0.3334483977546764","bookings":[{"idBooking":"ASR-MMR-0.4448515920323687","idUser":"ismael507@email.com-0.3334483977546764","origin":"ASR","destination":"MMR","date":"2021-09-21"}]},{"email":"ouida902@email.com","name":"Mrs. Xuan Reichel","id":"ouida902@email.com-0.7040218228989568","bookings":[]},{"email":"jordon893@email.com","name":"Tanya Greenfelder","id":"jordon893@email.com-0.9991404549854458","bookings":[{"idBooking":"TCR-PRI-0.6645788937119067","idUser":"jordon893@email.com-0.9991404549854458","origin":"TCR","destination":"PRI","date":"2021-09-21"}]},{"email":"IncorrectDateTestEmail@email.com","name":"Alejandrina Leuschke","id":"IncorrectDateTestEmail@email.com-0.552965395665666","bookings":[{"idBooking":"MAD-ARN-0.275751412266237","idUser":"IncorrectDateTestEmail@email.com-0.552965395665666","origin":"MAD","destination":"ARN","date":"2020-02-03 XXX"}]},{"email":"jules684@email.com","name":"Gayle Nicolas","id":"jules684@email.com-0.39832311213823224","bookings":[]},{"email":"rickie365@email.com","name":"Lashawna Lemke","id":"rickie365@email.com-0.49065220791007613","bookings":[{"idBooking":"KHF-RJB-0.02857701766733378","idUser":"rickie365@email.com-0.49065220791007613","origin":"KHF","destination":"RJB","date":"2021-09-22"}]},{"email":"IncorrectDateTestEmail@email.com","name":"Dr. Carlota Yundt","id":"IncorrectDateTestEmail@email.com-0.03264507129100458","bookings":[{"idBooking":"MAD-ARN-0.5253351763383136","idUser":"IncorrectDateTestEmail@email.com-0.03264507129100458","origin":"MAD","destination":"ARN","date":"2020-02-03 XXX"}]},{"email":"ria700@email.com","name":"Ed Ankunding","id":"ria700@email.com-0.31317943898929446","bookings":[]},{"email":"guy449@email.com","name":"Chris Lemke PhD","id":"guy449@email.com-0.7247712191432245","bookings":[{"idBooking":"FLC-IPR-0.8546619467702057","idUser":"guy449@email.com-0.7247712191432245","origin":"FLC","destination":"IPR","date":"2021-09-22"}]}]
00:06:52.210 [pool-1-thread-1] DEBUG com.intuit.karate - request:
1 > POST http://127.0.0.1:8900/user
1 > Content-Type: application/json; charset=UTF-8
1 > Content-Length: 70
1 > Host: 127.0.0.1:8900
1 > Connection: Keep-Alive
1 > User-Agent: Apache-HttpClient/4.5.13 (Java/1.8.0_301)
1 > Accept-Encoding: gzip,deflate
{"email":"IncorrectDateTestEmail@email.com","name":"Miss Isidro Funk"}

00:06:52.215 [pool-1-thread-3] DEBUG com.intuit.karate - request:
1 > GET http://127.0.0.1:8900/user?id=*5q%2F
1 > Host: 127.0.0.1:8900
1 > Connection: Keep-Alive
1 > User-Agent: Apache-HttpClient/4.5.13 (Java/1.8.0_301)
1 > Accept-Encoding: gzip,deflate


00:06:52.219 [pool-1-thread-1] DEBUG com.intuit.karate - response time in milliseconds: 9
1 < 201
1 < Content-Type: application/json;charset=UTF-8
1 < Transfer-Encoding: chunked
1 < Date: Tue, 21 Sep 2021 22:06:52 GMT
{"email":"IncorrectDateTestEmail@email.com","name":"Miss Isidro Funk","id":"IncorrectDateTestEmail@email.com-0.9501626214807845","bookings":[]}
00:06:52.219 [pool-1-thread-3] DEBUG com.intuit.karate - response time in milliseconds: 4
1 < 404
1 < Content-Type: text/plain;charset=UTF-8
1 < Content-Length: 14
1 < Date: Tue, 21 Sep 2021 22:06:52 GMT
User not found
00:06:52.222 [pool-1-thread-5] DEBUG com.intuit.karate - response time in milliseconds: 86
1 < 400
1 < Content-Type: text/plain;charset=UTF-8
1 < Content-Length: 21
1 < Date: Tue, 21 Sep 2021 22:06:52 GMT
1 < Connection: close
Date format not valid
00:06:52.223 [pool-1-thread-2] INFO  com.intuit.karate - karate.env system property was: null 
00:06:52.224 [pool-1-thread-1] DEBUG com.intuit.karate - request:
2 > POST http://127.0.0.1:8900/booking
2 > Content-Type: application/json; charset=UTF-8
2 > Content-Length: 119
2 > Host: 127.0.0.1:8900
2 > Connection: Keep-Alive
2 > User-Agent: Apache-HttpClient/4.5.13 (Java/1.8.0_301)
2 > Accept-Encoding: gzip,deflate
{"date":"2020-02-03 XXX","destination":"ARN","id":"IncorrectDateTestEmail@email.com-0.9501626214807845","origin":"MAD"}

00:06:52.226 [pool-1-thread-3] INFO  com.intuit.karate - karate.env system property was: null 
00:06:52.226 [pool-1-thread-5] INFO  com.intuit.karate - karate.env system property was: null 
00:06:52.226 [pool-1-thread-2] DEBUG com.intuit.karate - request:
1 > GET http://127.0.0.1:8900/user
1 > Host: 127.0.0.1:8900
1 > Connection: Keep-Alive
1 > User-Agent: Apache-HttpClient/4.5.13 (Java/1.8.0_301)
1 > Accept-Encoding: gzip,deflate


00:06:52.229 [pool-1-thread-3] DEBUG com.intuit.karate - request:
1 > POST http://127.0.0.1:8900/user
1 > Content-Type: application/json; charset=UTF-8
1 > Content-Length: 26
1 > Host: 127.0.0.1:8900
1 > Connection: Keep-Alive
1 > User-Agent: Apache-HttpClient/4.5.13 (Java/1.8.0_301)
1 > Accept-Encoding: gzip,deflate
{"email":"","name":"Karl"}

00:06:52.229 [pool-1-thread-5] DEBUG com.intuit.karate - request:
1 > POST http://127.0.0.1:8900/user
1 > Content-Type: application/json; charset=UTF-8
1 > Content-Length: 34
1 > Host: 127.0.0.1:8900
1 > Connection: Keep-Alive
1 > User-Agent: Apache-HttpClient/4.5.13 (Java/1.8.0_301)
1 > Accept-Encoding: gzip,deflate
{"email":"my@email.com","name":""}

00:06:52.230 [pool-1-thread-2] DEBUG com.intuit.karate - response time in milliseconds: 3
1 < 500
1 < Content-Type: text/plain;charset=UTF-8
1 < Content-Length: 11
1 < Date: Tue, 21 Sep 2021 22:06:52 GMT
1 < Connection: close
ID erroneus
00:06:52.231 [pool-1-thread-1] DEBUG com.intuit.karate - response time in milliseconds: 7
2 < 201
2 < Content-Type: application/json;charset=UTF-8
2 < Transfer-Encoding: chunked
2 < Date: Tue, 21 Sep 2021 22:06:52 GMT
{"idBooking":"MAD-ARN-0.3294213420245088","idUser":"IncorrectDateTestEmail@email.com-0.9501626214807845","origin":"MAD","destination":"ARN","date":"2020-02-03 XXX"}
00:06:52.231 [pool-1-thread-3] DEBUG com.intuit.karate - response time in milliseconds: 2
1 < 409
1 < Content-Type: text/plain;charset=UTF-8
1 < Content-Length: 12
1 < Date: Tue, 21 Sep 2021 22:06:52 GMT
Check fields
00:06:52.231 [pool-1-thread-5] DEBUG com.intuit.karate - response time in milliseconds: 2
1 < 409
1 < Content-Type: text/plain;charset=UTF-8
1 < Content-Length: 12
1 < Date: Tue, 21 Sep 2021 22:06:52 GMT
Check fields
00:06:52.232 [pool-1-thread-1] ERROR com.intuit.karate - classpath:examples/bookings/unclearbooking.feature:87
Then status 400
status code was: 201, expected: 400, response time in milliseconds: 7, url: http://127.0.0.1:8900/booking, response: 
{"idBooking":"MAD-ARN-0.3294213420245088","idUser":"IncorrectDateTestEmail@email.com-0.9501626214807845","origin":"MAD","destination":"ARN","date":"2020-02-03 XXX"}
classpath:examples/bookings/unclearbooking.feature:87
00:06:52.232 [pool-1-thread-4] DEBUG com.intuit.karate - request:
1 > POST http://127.0.0.1:8900/user
1 > Content-Type: application/json; charset=UTF-8
1 > Content-Length: 59
1 > Host: 127.0.0.1:8900
1 > Connection: Keep-Alive
1 > User-Agent: Apache-HttpClient/4.5.13 (Java/1.8.0_301)
1 > Accept-Encoding: gzip,deflate
{"email":"felicidad764@email.com","name":"Zonia Gleichner"}

00:06:52.235 [pool-1-thread-3] INFO  com.intuit.karate - karate.env system property was: null 
00:06:52.235 [pool-1-thread-1] INFO  com.intuit.karate - karate.env system property was: null 
00:06:52.235 [pool-1-thread-2] INFO  com.intuit.karate - karate.env system property was: null 
00:06:52.237 [pool-1-thread-1] DEBUG com.intuit.karate - request:
1 > POST http://127.0.0.1:8900/user
1 > Content-Type: application/json; charset=UTF-8
1 > Content-Length: 22
1 > Host: 127.0.0.1:8900
1 > Connection: Keep-Alive
1 > User-Agent: Apache-HttpClient/4.5.13 (Java/1.8.0_301)
1 > Accept-Encoding: gzip,deflate
{"email":"","name":""}

00:06:52.237 [pool-1-thread-3] DEBUG com.intuit.karate - request:
1 > POST http://127.0.0.1:8900/user
1 > Content-Type: application/json; charset=UTF-8
1 > Content-Length: 38
1 > Host: 127.0.0.1:8900
1 > Connection: Keep-Alive
1 > User-Agent: Apache-HttpClient/4.5.13 (Java/1.8.0_301)
1 > Accept-Encoding: gzip,deflate
{"email":"my.email.com","name":"Karl"}

00:06:52.238 [pool-1-thread-4] DEBUG com.intuit.karate - response time in milliseconds: 6
1 < 201
1 < Content-Type: application/json;charset=UTF-8
1 < Transfer-Encoding: chunked
1 < Date: Tue, 21 Sep 2021 22:06:52 GMT
{"email":"felicidad764@email.com","name":"Zonia Gleichner","id":"felicidad764@email.com-0.7518141188488126","bookings":[]}
00:06:52.240 [pool-1-thread-2] DEBUG com.intuit.karate - request:
1 > POST http://127.0.0.1:8900/user
1 > Host: 127.0.0.1:8900
1 > Connection: Keep-Alive
1 > User-Agent: Apache-HttpClient/4.5.13 (Java/1.8.0_301)
1 > Accept-Encoding: gzip,deflate


00:06:52.242 [pool-1-thread-1] DEBUG com.intuit.karate - response time in milliseconds: 5
1 < 409
1 < Content-Type: text/plain;charset=UTF-8
1 < Content-Length: 12
1 < Date: Tue, 21 Sep 2021 22:06:52 GMT
Check fields
00:06:52.244 [pool-1-thread-4] DEBUG com.intuit.karate - request:
2 > GET http://127.0.0.1:8900/user?id=felicidad764%40email.com-0.7518141188488126
2 > Host: 127.0.0.1:8900
2 > Connection: Keep-Alive
2 > User-Agent: Apache-HttpClient/4.5.13 (Java/1.8.0_301)
2 > Accept-Encoding: gzip,deflate


00:06:52.244 [pool-1-thread-2] DEBUG com.intuit.karate - response time in milliseconds: 4
1 < 400
1 < Content-Type: application/json;charset=UTF-8
1 < Transfer-Encoding: chunked
1 < Date: Tue, 21 Sep 2021 22:06:52 GMT
1 < Connection: close
{"timestamp":"2021-09-21T22:06:52.243+0000","status":400,"error":"Bad Request","message":"Required request body is missing: public restservice.entity.User restservice.controller.UserController.createUser(restservice.api.UserRequest) throws java.lang.Exception","path":"/user"}
00:06:52.246 [pool-1-thread-3] DEBUG com.intuit.karate - response time in milliseconds: 9
1 < 500
1 < Content-Type: application/json;charset=UTF-8
1 < Transfer-Encoding: chunked
1 < Date: Tue, 21 Sep 2021 22:06:52 GMT
1 < Connection: close
{"timestamp":"2021-09-21T22:06:52.245+0000","status":500,"error":"Internal Server Error","message":"malformed email","path":"/user"}
00:06:52.249 [pool-1-thread-4] DEBUG com.intuit.karate - response time in milliseconds: 5
2 < 200
2 < Content-Type: application/json;charset=UTF-8
2 < Transfer-Encoding: chunked
2 < Date: Tue, 21 Sep 2021 22:06:52 GMT
{"email":"felicidad764@email.com","name":"Zonia Gleichner","id":"felicidad764@email.com-0.7518141188488126","bookings":[]}
---------------------------------------------------------
feature: classpath:examples/bookings/bookings.feature
scenarios: 21 | passed: 21 | failed:  0 | time: 3,2321
---------------------------------------------------------

00:06:52.901 [pool-2-thread-1] INFO  com.intuit.karate.Suite - <<pass>> feature 1 of 3 (2 remaining) classpath:examples/bookings/bookings.feature
---------------------------------------------------------
feature: classpath:examples/bookings/unclearbooking.feature
scenarios:  3 | passed:  0 | failed:  3 | time: 0,0589
---------------------------------------------------------

00:06:52.942 [pool-2-thread-1] INFO  com.intuit.karate.Suite - <<fail>> feature 2 of 3 (1 remaining) classpath:examples/bookings/unclearbooking.feature
---------------------------------------------------------
feature: classpath:examples/users/users.feature
scenarios: 10 | passed: 10 | failed:  0 | time: 0,1650
---------------------------------------------------------

00:06:53.014 [pool-2-thread-1] INFO  com.intuit.karate.Suite - <<pass>> feature 3 of 3 (0 remaining) classpath:examples/users/users.feature
Karate version: 1.1.0
======================================================
elapsed:   2,59 | threads:    5 | thread time: 3,46 
features:     3 | skipped:    0 | efficiency: 0,27
scenarios:   34 | passed:    31 | failed: 3
======================================================
>>> failed features:
status code was: 400, expected: 200, response time in milliseconds: 3, url: http://127.0.0.1:8900/booking, response: 
Bad request: date and id empty
classpath:examples/bookings/unclearbooking.feature:26
status code was: 200, expected: 500, response time in milliseconds: 5, url: http://127.0.0.1:8900/booking?date=2021-09-19xyz&id=pepe%40pepe.pe1-0.1, response: 
[]
classpath:examples/bookings/unclearbooking.feature:56
status code was: 201, expected: 400, response time in milliseconds: 7, url: http://127.0.0.1:8900/booking, response: 
{"idBooking":"MAD-ARN-0.3294213420245088","idUser":"IncorrectDateTestEmail@email.com-0.9501626214807845","origin":"MAD","destination":"ARN","date":"2020-02-03 XXX"}
classpath:examples/bookings/unclearbooking.feature:87
<<<

HTML report: (paste into browser to view) | Karate version: 1.1.0
file:///C:/Users/charl/Documents/KarateGit/AppPerformanceTester/AppPerformanceTester/target/karate-reports/karate-summary.html
===================================================================

]]></system-out>
    <system-err><![CDATA[Sep 22, 2021 12:06:53 AM net.masterthought.cucumber.ReportParser parseJsonFiles
INFO: File 'C:\Users\charl\Documents\KarateGit\AppPerformanceTester\AppPerformanceTester\target\karate-reports\examples.bookings.bookings.json' contains 1 features
Sep 22, 2021 12:06:53 AM net.masterthought.cucumber.ReportParser parseJsonFiles
INFO: File 'C:\Users\charl\Documents\KarateGit\AppPerformanceTester\AppPerformanceTester\target\karate-reports\examples.bookings.unclearbooking.json' contains 1 features
Sep 22, 2021 12:06:53 AM net.masterthought.cucumber.ReportParser parseJsonFiles
INFO: File 'C:\Users\charl\Documents\KarateGit\AppPerformanceTester\AppPerformanceTester\target\karate-reports\examples.users.users.json' contains 1 features
]]></system-err>
  </testcase>
</testsuite>